{
  "stats": {
    "suites": 1,
    "tests": 6,
    "passes": 6,
    "pending": 0,
    "failures": 0,
    "start": "2020-06-23T12:59:47.325Z",
    "end": "2020-06-23T13:00:35.677Z",
    "duration": 48352,
    "testsRegistered": 6,
    "passPercent": 100,
    "pendingPercent": 0,
    "other": 0,
    "hasOther": false,
    "skipped": 0,
    "hasSkipped": false
  },
  "results": [
    {
      "uuid": "48b7126b-145a-47be-ab72-3d8ddbf65438",
      "title": "",
      "fullFile": "cypress\\integration\\pages-spec.ts",
      "file": "cypress\\integration\\pages-spec.ts",
      "beforeHooks": [],
      "afterHooks": [],
      "tests": [],
      "suites": [
        {
          "uuid": "e3094318-18c4-4daa-a293-51e9d25b388d",
          "title": "Pages",
          "fullFile": "",
          "file": "",
          "beforeHooks": [],
          "afterHooks": [],
          "tests": [
            {
              "title": "should cancel before create page",
              "fullTitle": "Pages should cancel before create page",
              "timedOut": null,
              "duration": 10688,
              "state": "passed",
              "speed": "slow",
              "pass": true,
              "fail": false,
              "pending": false,
              "context": null,
              "code": "cy.get('#add-button').click();\ncy.get('#page-name').type('cancele2e');\ncy.get('#page-link').type('cancele2e');\ncy.get('#cancel-button').click();\ncy.get('.MuiTableBody-root').should('not.contain.text', 'cancele2e');",
              "err": {},
              "uuid": "251fbae3-0954-426f-bb5e-19db726192b2",
              "parentUUID": "e3094318-18c4-4daa-a293-51e9d25b388d",
              "isHook": false,
              "skipped": false
            },
            {
              "title": "should create a page",
              "fullTitle": "Pages should create a page",
              "timedOut": null,
              "duration": 5821,
              "state": "passed",
              "speed": "slow",
              "pass": true,
              "fail": false,
              "pending": false,
              "context": null,
              "code": "cy.server();\ncy.createPage();",
              "err": {},
              "uuid": "87713677-e60f-4b8a-a9fb-7d34baee97fa",
              "parentUUID": "e3094318-18c4-4daa-a293-51e9d25b388d",
              "isHook": false,
              "skipped": false
            },
            {
              "title": "should publish > update name and link > revert",
              "fullTitle": "Pages should publish > update name and link > revert",
              "timedOut": null,
              "duration": 9311,
              "state": "passed",
              "speed": "slow",
              "pass": true,
              "fail": false,
              "pending": false,
              "context": null,
              "code": "cy.server();\ncy.createPage();\ncy.fixture('pages').then(function (_a) {\n    var page = _a.page;\n    var pageLabel = page.label;\n    var pageLink = page.link;\n    cy.route('POST', '/boom/services/rest/pagemanagement/v1/publish/*', page).as('publish');\n    cy.get('[data-cy=publish-button').click();\n    cy.wait('@publish').then(function () {\n        page.label = page.label + '-updated';\n        page.link = page.link + '-updated';\n        page.canRevert = true;\n        cy.route('POST', '/boom/services/rest/pagemanagement/v1/update', page).as('update');\n        cy.get('#open-settings-button').click();\n        cy.get('#page-name').type('-updated');\n        cy.get('#page-link').type('-updated');\n        cy.get('#save-button').click();\n        cy.wait('@update').then(function () {\n            cy.get('.title-header').contains(page.label);\n            cy.get('#open-settings-button').click();\n            cy.get('#page-name').should('have.value', page.label);\n            cy.get('#page-link').should('have.value', page.link);\n            cy.get('#close-button').click({ force: true });\n            page.label = pageLabel;\n            page.link = pageLink;\n            cy.route('POST', '/boom/services/rest/pagemanagement/v1/revert/*', page).as('revert');\n            cy.get('#revert-button').click();\n            cy.wait('@revert').then(function () {\n                cy.get('.title-header').contains(page.label);\n                cy.get('#open-settings-button').click();\n                cy.get('#page-name').should('have.value', page.label);\n                cy.get('#page-link').should('have.value', page.link);\n            });\n        });\n    });\n});",
              "err": {},
              "uuid": "491c3bc1-7ab0-4fb0-bb68-70938d3d4872",
              "parentUUID": "e3094318-18c4-4daa-a293-51e9d25b388d",
              "isHook": false,
              "skipped": false
            },
            {
              "title": "should have a correct widget menu",
              "fullTitle": "Pages should have a correct widget menu",
              "timedOut": null,
              "duration": 7567,
              "state": "passed",
              "speed": "slow",
              "pass": true,
              "fail": false,
              "pending": false,
              "context": null,
              "code": "cy.createPage();\ncy.get('.page-details-editor').within(function () {\n    cy.contains('button', 'Add widget').click();\n});\ncy.get('#widget-search').within(function () {\n    cy.get('div > svg').should('have.class', 'fa-search');\n    cy.get('span').should('have.text', 'Search');\n});\ncy.get('#widget-text').within(function () {\n    cy.get('div > svg').should('have.class', 'fa-file-alt');\n    cy.get('span').should('have.text', 'Flat text');\n});",
              "err": {},
              "uuid": "513fae37-2d96-436a-a04f-7211a93ae443",
              "parentUUID": "e3094318-18c4-4daa-a293-51e9d25b388d",
              "isHook": false,
              "skipped": false
            },
            {
              "title": "should close onclick the \"x\"",
              "fullTitle": "Pages should close onclick the \"x\"",
              "timedOut": null,
              "duration": 5430,
              "state": "passed",
              "speed": "slow",
              "pass": true,
              "fail": false,
              "pending": false,
              "context": null,
              "code": "cy.createPage();\ncy.get('.page-details-editor').within(function () {\n    cy.contains('button', 'Add widget').click();\n});\ncy.get('.widget-selector-body').should('exist');\ncy.get('.layout-dialog-title').within(function () {\n    cy.get('#close-button').click();\n});\ncy.get('.widget-selector-body').should('not.exist');",
              "err": {},
              "uuid": "2645d0cd-f145-4ac0-a7b3-1eea3f6d4f87",
              "parentUUID": "e3094318-18c4-4daa-a293-51e9d25b388d",
              "isHook": false,
              "skipped": false
            },
            {
              "title": "should create widget text",
              "fullTitle": "Pages should create widget text",
              "timedOut": null,
              "duration": 8742,
              "state": "passed",
              "speed": "slow",
              "pass": true,
              "fail": false,
              "pending": false,
              "context": null,
              "code": "cy.server();\ncy.createPage();\ncy.fixture('pages').then(function (_a) {\n    var page = _a.page, textWidget = _a.textWidget;\n    page.pageWidgets = page.pageWidgets[textWidget];\n    cy.route('POST', '/boom/services/rest/pagemanagement/v1/*', page).as('widget');\n    cy.get('.page-details-editor').within(function () {\n        cy.contains('button', 'Add widget').click();\n    });\n    cy.get('#widget-text').click({ force: true });\n    cy.get('#text-title').type(textWidget.title);\n    cy.get('.DraftEditor-editorContainer').type('Content');\n    cy.get('#save-button').click();\n    cy.wait('@widget');\n    cy.get('.react-grid-item').contains(textWidget.title);\n});",
              "err": {},
              "uuid": "a921b9c8-9d58-4101-988e-d2063f8b0c4b",
              "parentUUID": "e3094318-18c4-4daa-a293-51e9d25b388d",
              "isHook": false,
              "skipped": false
            }
          ],
          "suites": [],
          "passes": [
            "251fbae3-0954-426f-bb5e-19db726192b2",
            "87713677-e60f-4b8a-a9fb-7d34baee97fa",
            "491c3bc1-7ab0-4fb0-bb68-70938d3d4872",
            "513fae37-2d96-436a-a04f-7211a93ae443",
            "2645d0cd-f145-4ac0-a7b3-1eea3f6d4f87",
            "a921b9c8-9d58-4101-988e-d2063f8b0c4b"
          ],
          "failures": [],
          "pending": [],
          "skipped": [],
          "duration": 47559,
          "root": false,
          "rootEmpty": false,
          "_timeout": 2000
        }
      ],
      "passes": [],
      "failures": [],
      "pending": [],
      "skipped": [],
      "duration": 0,
      "root": true,
      "rootEmpty": true,
      "_timeout": 2000
    }
  ],
  "meta": {
    "mocha": {
      "version": "7.0.1"
    },
    "mochawesome": {
      "options": {
        "quiet": false,
        "reportFilename": "mochawesome",
        "saveHtml": false,
        "saveJson": true,
        "consoleReporter": "spec",
        "useInlineDiffs": false,
        "code": true
      },
      "version": "6.1.1"
    },
    "marge": {
      "options": {
        "reportDir": "cypress/report/mochawesome-report",
        "overwrite": false,
        "html": false,
        "json": true,
        "timestamp": "mmddyyyy_HHMMss"
      },
      "version": "5.1.0"
    }
  }
}